<?xml version="1.0" encoding="UTF-8"?>
<!-- Generated by org.testng.reporters.JUnitReportReporter -->
<testsuite hostname="LAPTOP-B30OBVT9" name="PageOject.HomePageTest" tests="3" failures="0" timestamp="17 Sep 2019 14:45:49 GMT" time="3.758" errors="0">
  <testcase name="verifyNewContact" time="3.406" classname="PageOject.HomePageTest"/>
  <testcase name="verifyHomePageTitle" time="0.042" classname="PageOject.HomePageTest"/>
  <testcase name="verifyFrameInfo" time="0.310" classname="PageOject.HomePageTest"/>
</testsuite> <!-- PageOject.HomePageTest -->
