<?xml version="1.0" encoding="UTF-8"?>
<!-- Generated by org.testng.reporters.JUnitReportReporter -->
<testsuite hostname="LAPTOP-B30OBVT9" name="PageOject.HomePageTest" tests="3" failures="0" timestamp="15 Aug 2019 17:05:50 GMT" time="3.266" errors="0">
  <testcase name="verifyFrameInfo" time="0.171" classname="PageOject.HomePageTest"/>
  <testcase name="verifyHomePageTitle" time="0.017" classname="PageOject.HomePageTest"/>
  <testcase name="verifyNewContact" time="3.078" classname="PageOject.HomePageTest"/>
</testsuite> <!-- PageOject.HomePageTest -->
