<?xml version="1.0" encoding="UTF-8"?>
<!-- Generated by org.testng.reporters.JUnitReportReporter -->
<testsuite hostname="LAPTOP-B30OBVT9" name="PageOject.LandingPageTest" tests="1" failures="0" timestamp="15 Aug 2019 17:05:50 GMT" time="0.098" errors="0">
  <testcase name="validateTheTitle" time="0.098" classname="PageOject.LandingPageTest"/>
</testsuite> <!-- PageOject.LandingPageTest -->
