<?xml version="1.0" encoding="UTF-8"?>
<!-- Generated by org.testng.reporters.JUnitReportReporter -->
<testsuite hostname="LAPTOP-B30OBVT9" name="PageOject.NewContactPageTest" tests="3" failures="0" timestamp="15 Sep 2019 17:11:52 GMT" time="4.524" errors="0">
  <testcase name="verifyTitleList" time="0.458" classname="PageOject.NewContactPageTest"/>
  <testcase name="verifyFirstName" time="4.038" classname="PageOject.NewContactPageTest"/>
  <testcase name="verifyTitle" time="0.028" classname="PageOject.NewContactPageTest"/>
</testsuite> <!-- PageOject.NewContactPageTest -->
