<?xml version="1.0" encoding="UTF-8"?>
<!-- Generated by org.testng.reporters.JUnitReportReporter -->
<testsuite hostname="LAPTOP-B30OBVT9" name="PageOject.LandingPageTest" tests="1" failures="0" timestamp="17 Sep 2019 16:12:02 GMT" time="0.134" errors="0">
  <testcase name="validateTheTitle" time="0.134" classname="PageOject.LandingPageTest"/>
</testsuite> <!-- PageOject.LandingPageTest -->
