<?xml version="1.0" encoding="UTF-8"?>
<!-- Generated by org.testng.reporters.JUnitReportReporter -->
<testsuite hostname="LAPTOP-B30OBVT9" name="PageOject.HomePageTest" tests="3" failures="0" timestamp="19 Aug 2019 15:46:16 GMT" time="3.189" errors="0">
  <testcase name="verifyFrameInfo" time="0.253" classname="PageOject.HomePageTest"/>
  <testcase name="verifyHomePageTitle" time="0.014" classname="PageOject.HomePageTest"/>
  <testcase name="verifyNewContact" time="2.922" classname="PageOject.HomePageTest"/>
</testsuite> <!-- PageOject.HomePageTest -->
